1605868728969	geckodriver	INFO	Listening on 127.0.0.1:55543
1605868731154	mozrunner::runner	INFO	Running command: "/Applications/Firefox.app/Contents/MacOS/firefox-bin" "--marionette" "-foreground" "-no-remote" "-profile" "/var/folders/x0/y4dv5hps43jgdcbr_zzvw4kc0000gn/T/rust_mozprofilesPumsl"
Exiting due to channel error.
1605869253904	geckodriver	INFO	Listening on 127.0.0.1:58264
1605869254747	mozrunner::runner	INFO	Running command: "/Applications/Firefox.app/Contents/MacOS/firefox-bin" "--marionette" "-foreground" "-no-remote" "-profile" "/var/folders/x0/y4dv5hps43jgdcbr_zzvw4kc0000gn/T/rust_mozprofile0LqGb6"
Exiting due to channel error.
Exiting due to channel error.
1605869411856	geckodriver	INFO	Listening on 127.0.0.1:59461
1605869412290	mozrunner::runner	INFO	Running command: "/Applications/Firefox.app/Contents/MacOS/firefox-bin" "--marionette" "-foreground" "-no-remote" "-profile" "/var/folders/x0/y4dv5hps43jgdcbr_zzvw4kc0000gn/T/rust_mozprofileLDi90I"
console.warn: SearchSettings: "get: No settings file exists, new profile?" (new Error("", "(unknown module)"))
1605869457051	Marionette	INFO	Listening on port 59470
1605869469206	Marionette	WARN	TLS certificate errors will be ignored for this session
JavaScript error: resource://gre/modules/URIFixup.jsm, line 271: NS_ERROR_FAILURE: Should pass a non-null uri
1605869683776	Marionette	INFO	Stopped listening on port 59470
1605869691112	geckodriver	INFO	Listening on 127.0.0.1:61143
1605869691407	mozrunner::runner	INFO	Running command: "/Applications/Firefox.app/Contents/MacOS/firefox-bin" "--marionette" "-foreground" "-no-remote" "-profile" "/var/folders/x0/y4dv5hps43jgdcbr_zzvw4kc0000gn/T/rust_mozprofileoCG2oF"
console.warn: SearchSettings: "get: No settings file exists, new profile?" (new Error("", "(unknown module)"))
1605869695936	Marionette	INFO	Listening on port 61148
1605869696447	Marionette	WARN	TLS certificate errors will be ignored for this session
JavaScript error: resource://gre/modules/URIFixup.jsm, line 271: NS_ERROR_FAILURE: Should pass a non-null uri
1605871629545	geckodriver	INFO	Listening on 127.0.0.1:52707
1605871632275	mozrunner::runner	INFO	Running command: "/Applications/Firefox.app/Contents/MacOS/firefox-bin" "--marionette" "-foreground" "-no-remote" "-profile" "/var/folders/x0/y4dv5hps43jgdcbr_zzvw4kc0000gn/T/rust_mozprofileORWbWJ"
console.warn: SearchSettings: "get: No settings file exists, new profile?" (new Error("", "(unknown module)"))
1605871653117	Marionette	INFO	Listening on port 52726
1605871654319	Marionette	WARN	TLS certificate errors will be ignored for this session
JavaScript error: resource://gre/modules/URIFixup.jsm, line 271: NS_ERROR_FAILURE: Should pass a non-null uri
[Parent 8711, IPC Launch #1] WARNING: parent WaitForMessage() failed: 0x10004003 (ipc/rcv) timed out: file /builds/worker/checkouts/gecko/ipc/glue/GeckoChildProcessHost.cpp, line 1299
[Parent 8711, Gecko_IOThread] WARNING: Failed to launch tab subprocess: file /builds/worker/checkouts/gecko/ipc/glue/GeckoChildProcessHost.cpp, line 745
[Parent 8711, IPC Launch #2] WARNING: parent WaitForMessage() failed: 0x10004003 (ipc/rcv) timed out: file /builds/worker/checkouts/gecko/ipc/glue/GeckoChildProcessHost.cpp, line 1299
[Parent 8711, Gecko_IOThread] WARNING: Failed to launch tab subprocess: file /builds/worker/checkouts/gecko/ipc/glue/GeckoChildProcessHost.cpp, line 745
1605871663154	Marionette	INFO	Stopped listening on port 52726

###!!! [Child][RunMessage] Error: Channel closing: too late to send/recv, messages will be lost

1605871679679	Marionette	INFO	Stopped listening on port 61148
1605872013458	geckodriver	INFO	Listening on 127.0.0.1:54556
1605872013933	mozrunner::runner	INFO	Running command: "/Applications/Firefox.app/Contents/MacOS/firefox-bin" "--marionette" "-foreground" "-no-remote" "-profile" "/var/folders/x0/y4dv5hps43jgdcbr_zzvw4kc0000gn/T/rust_mozprofileFEcsM0"
console.warn: SearchSettings: "get: No settings file exists, new profile?" (new Error("", "(unknown module)"))
1605872027275	Marionette	INFO	Listening on port 54561
1605872027316	Marionette	WARN	TLS certificate errors will be ignored for this session
JavaScript error: resource://gre/modules/URIFixup.jsm, line 271: NS_ERROR_FAILURE: Should pass a non-null uri
1605872030441	Marionette	INFO	Stopped listening on port 54561
1605873957193	geckodriver	INFO	Listening on 127.0.0.1:62894
1605873961268	mozrunner::runner	INFO	Running command: "/Applications/Firefox.app/Contents/MacOS/firefox-bin" "--marionette" "-foreground" "-no-remote" "-profile" "/var/folders/x0/y4dv5hps43jgdcbr_zzvw4kc0000gn/T/rust_mozprofile8SiwnN"
Exiting due to channel error.
1605874051035	geckodriver	INFO	Listening on 127.0.0.1:63843
1605874051230	mozrunner::runner	INFO	Running command: "/Applications/Firefox.app/Contents/MacOS/firefox-bin" "--marionette" "-foreground" "-no-remote" "-profile" "/var/folders/x0/y4dv5hps43jgdcbr_zzvw4kc0000gn/T/rust_mozprofileB7Ym0L"
console.warn: SearchSettings: "get: No settings file exists, new profile?" (new Error("", "(unknown module)"))
console.error: Region.jsm: "Error fetching region" (new AbortError("The operation was aborted. ", (void 0), 697))
console.error: Region.jsm: "Failed to fetch region" (new Error("NO_RESULT", "resource://gre/modules/Region.jsm", 351))
1605874091292	Marionette	INFO	Listening on port 63848
1605874091680	Marionette	WARN	TLS certificate errors will be ignored for this session
JavaScript error: resource://gre/modules/URIFixup.jsm, line 271: NS_ERROR_FAILURE: Should pass a non-null uri
1605874102542	Marionette	INFO	Stopped listening on port 63848
1606122724227	geckodriver	INFO	Listening on 127.0.0.1:50435
1606122724545	mozrunner::runner	INFO	Running command: "/Applications/Firefox.app/Contents/MacOS/firefox-bin" "--marionette" "-foreground" "-no-remote" "-profile" "/var/folders/x0/y4dv5hps43jgdcbr_zzvw4kc0000gn/T/rust_mozprofileVsv7w8"
console.warn: SearchSettings: "get: No settings file exists, new profile?" (new Error("", "(unknown module)"))
JavaScript error: resource://gre/modules/UpdateService.jsm, line 3247: NS_ERROR_ILLEGAL_VALUE
1606122737086	Marionette	INFO	Listening on port 50441
1606122737165	Marionette	WARN	TLS certificate errors will be ignored for this session
JavaScript error: resource://gre/modules/URIFixup.jsm, line 271: NS_ERROR_FAILURE: Should pass a non-null uri
1606122745968	Marionette	INFO	Stopped listening on port 50441
1606122860407	geckodriver	INFO	Listening on 127.0.0.1:50620
1606122860486	mozrunner::runner	INFO	Running command: "/Applications/Firefox.app/Contents/MacOS/firefox-bin" "--marionette" "-foreground" "-no-remote" "-profile" "/var/folders/x0/y4dv5hps43jgdcbr_zzvw4kc0000gn/T/rust_mozprofilezHtNF1"
console.warn: SearchSettings: "get: No settings file exists, new profile?" (new Error("", "(unknown module)"))
JavaScript error: resource://gre/modules/UpdateService.jsm, line 3247: NS_ERROR_ILLEGAL_VALUE
1606122863505	Marionette	INFO	Listening on port 50625
1606122863620	Marionette	WARN	TLS certificate errors will be ignored for this session
JavaScript error: resource://gre/modules/URIFixup.jsm, line 271: NS_ERROR_FAILURE: Should pass a non-null uri
1606122865650	Marionette	INFO	Stopped listening on port 50625
1606122899430	geckodriver	INFO	Listening on 127.0.0.1:50714
1606122899488	mozrunner::runner	INFO	Running command: "/Applications/Firefox.app/Contents/MacOS/firefox-bin" "--marionette" "-foreground" "-no-remote" "-profile" "/var/folders/x0/y4dv5hps43jgdcbr_zzvw4kc0000gn/T/rust_mozprofile7yuv0I"
console.warn: SearchSettings: "get: No settings file exists, new profile?" (new Error("", "(unknown module)"))
JavaScript error: resource://gre/modules/UpdateService.jsm, line 3247: NS_ERROR_ILLEGAL_VALUE
1606122901680	Marionette	INFO	Listening on port 50719
1606122901779	Marionette	WARN	TLS certificate errors will be ignored for this session
JavaScript error: resource://gre/modules/URIFixup.jsm, line 271: NS_ERROR_FAILURE: Should pass a non-null uri
1606122903588	Marionette	INFO	Stopped listening on port 50719
1606122928631	geckodriver	INFO	Listening on 127.0.0.1:50796
1606122928640	mozrunner::runner	INFO	Running command: "/Applications/Firefox.app/Contents/MacOS/firefox-bin" "--marionette" "-foreground" "-no-remote" "-profile" "/var/folders/x0/y4dv5hps43jgdcbr_zzvw4kc0000gn/T/rust_mozprofileOfx1fA"
console.warn: SearchSettings: "get: No settings file exists, new profile?" (new Error("", "(unknown module)"))
JavaScript error: resource://gre/modules/UpdateService.jsm, line 3247: NS_ERROR_ILLEGAL_VALUE
1606122930945	Marionette	INFO	Listening on port 50801
1606122931024	Marionette	WARN	TLS certificate errors will be ignored for this session
JavaScript error: resource://gre/modules/URIFixup.jsm, line 271: NS_ERROR_FAILURE: Should pass a non-null uri
1606122933028	Marionette	INFO	Stopped listening on port 50801
1606122949308	geckodriver	INFO	Listening on 127.0.0.1:50885
1606122949358	mozrunner::runner	INFO	Running command: "/Applications/Firefox.app/Contents/MacOS/firefox-bin" "--marionette" "-foreground" "-no-remote" "-profile" "/var/folders/x0/y4dv5hps43jgdcbr_zzvw4kc0000gn/T/rust_mozprofileS8iUPJ"
console.warn: SearchSettings: "get: No settings file exists, new profile?" (new Error("", "(unknown module)"))
JavaScript error: resource://gre/modules/UpdateService.jsm, line 3247: NS_ERROR_ILLEGAL_VALUE
1606122951475	Marionette	INFO	Listening on port 50890
1606122951532	Marionette	WARN	TLS certificate errors will be ignored for this session
JavaScript error: resource://gre/modules/URIFixup.jsm, line 271: NS_ERROR_FAILURE: Should pass a non-null uri
1606122953418	Marionette	INFO	Stopped listening on port 50890
JavaScript error: resource:///modules/FaviconLoader.jsm, line 582: InvalidStateError: JSWindowActorChild.sendAsyncMessage: JSWindowActorChild cannot send at the moment
1606122995010	geckodriver	INFO	Listening on 127.0.0.1:50971
1606122996023	mozrunner::runner	INFO	Running command: "/Applications/Firefox.app/Contents/MacOS/firefox-bin" "--marionette" "-foreground" "-no-remote" "-profile" "/var/folders/x0/y4dv5hps43jgdcbr_zzvw4kc0000gn/T/rust_mozprofileUqgugV"
console.warn: SearchSettings: "get: No settings file exists, new profile?" (new Error("", "(unknown module)"))
JavaScript error: resource://gre/modules/UpdateService.jsm, line 3247: NS_ERROR_ILLEGAL_VALUE
1606122998409	Marionette	INFO	Listening on port 50978
1606122998516	Marionette	WARN	TLS certificate errors will be ignored for this session
JavaScript error: resource://gre/modules/URIFixup.jsm, line 271: NS_ERROR_FAILURE: Should pass a non-null uri
1606123000339	Marionette	INFO	Stopped listening on port 50978
