1607082166471	geckodriver	INFO	Listening on 127.0.0.1:64652
1607082167665	mozrunner::runner	INFO	Running command: "/Applications/Firefox.app/Contents/MacOS/firefox-bin" "--marionette" "-foreground" "-no-remote" "-profile" "/var/folders/x0/y4dv5hps43jgdcbr_zzvw4kc0000gn/T/rust_mozprofileuUMRZ7"
2020-12-04 12:43:22.000 firefox-bin[9350:164270] -[NSPersistentUIWindowSnapshotter writeWindowSnapshot:length:width:height:bytesPerRow:toFile:inDirectory:encryptingWithKey:uuid:checksum:fd:]: 0 == ftruncate(fd, finalFileSize) failed on line 803: No such file or directory
2020-12-04 12:43:22.003 firefox-bin[9350:164270] -[NSPersistentUIWindowSnapshotter writeWindowSnapshot:length:width:height:bytesPerRow:toFile:inDirectory:encryptingWithKey:uuid:checksum:fd:]: 0 == ftruncate(fd, fileLength) failed on line 874: No such file or directory
console.warn: SearchSettings: "get: No settings file exists, new profile?" (new Error("", "(unknown module)"))
JavaScript error: resource://gre/modules/UpdateService.jsm, line 3247: NS_ERROR_ILLEGAL_VALUE
console.error: Region.jsm: "Error fetching region" (new AbortError("The operation was aborted. ", (void 0), 697))
console.error: Region.jsm: "Failed to fetch region" (new Error("NO_RESULT", "resource://gre/modules/Region.jsm", 351))
[Parent 9350, IPC Launch #1] WARNING: parent WaitForMessage() failed: 0x10004003 (ipc/rcv) timed out: file /builds/worker/checkouts/gecko/ipc/glue/GeckoChildProcessHost.cpp, line 1299
[Parent 9350, Gecko_IOThread] WARNING: Failed to launch tab subprocess: file /builds/worker/checkouts/gecko/ipc/glue/GeckoChildProcessHost.cpp, line 745
[Parent 9350, IPC Launch #2] WARNING: parent WaitForMessage() failed: 0x10004003 (ipc/rcv) timed out: file /builds/worker/checkouts/gecko/ipc/glue/GeckoChildProcessHost.cpp, line 1299
[Parent 9350, Gecko_IOThread] WARNING: Failed to launch tab subprocess: file /builds/worker/checkouts/gecko/ipc/glue/GeckoChildProcessHost.cpp, line 745
Exiting due to channel error.
Exiting due to channel error.
1607082244266	geckodriver	INFO	Listening on 127.0.0.1:65270
1607082244408	mozrunner::runner	INFO	Running command: "/Applications/Firefox.app/Contents/MacOS/firefox-bin" "--marionette" "-foreground" "-no-remote" "-profile" "/var/folders/x0/y4dv5hps43jgdcbr_zzvw4kc0000gn/T/rust_mozprofile4eREWF"
console.warn: SearchSettings: "get: No settings file exists, new profile?" (new Error("", "(unknown module)"))
console.error: Region.jsm: "Error fetching region" (new AbortError("The operation was aborted. ", (void 0), 697))
console.error: Region.jsm: "Failed to fetch region" (new Error("NO_RESULT", "resource://gre/modules/Region.jsm", 351))
JavaScript error: resource://gre/modules/UpdateService.jsm, line 3247: NS_ERROR_ILLEGAL_VALUE
1607082260833	Marionette	INFO	Listening on port 65275
1607082261864	Marionette	WARN	TLS certificate errors will be ignored for this session
[Parent 9377, IPC Launch #1] WARNING: parent WaitForMessage() failed: 0x10004003 (ipc/rcv) timed out: file /builds/worker/checkouts/gecko/ipc/glue/GeckoChildProcessHost.cpp, line 1299
[Parent 9377, Gecko_IOThread] WARNING: Failed to launch tab subprocess: file /builds/worker/checkouts/gecko/ipc/glue/GeckoChildProcessHost.cpp, line 745
[Parent 9377, IPC Launch #2] WARNING: parent WaitForMessage() failed: 0x10004003 (ipc/rcv) timed out: file /builds/worker/checkouts/gecko/ipc/glue/GeckoChildProcessHost.cpp, line 1299
[Parent 9377, Gecko_IOThread] WARNING: Failed to launch tab subprocess: file /builds/worker/checkouts/gecko/ipc/glue/GeckoChildProcessHost.cpp, line 745
JavaScript warning: https://static.apress.com/spcom/js/vendor/googleapis/ajax/libs/jquery/1.9.1/jquery.min.js, line 2: Using //@ to indicate sourceMappingURL pragmas is deprecated. Use //# instead
1607082281217	Marionette	INFO	Stopped listening on port 65275
